C51 COMPILER V9.57.0.0   MAIN                                                              08/18/2020 16:35:04 PAGE 1   


C51 COMPILER V9.57.0.0, COMPILATION OF MODULE MAIN
OBJECT MODULE PLACED IN .\Objects\main.obj
COMPILER INVOKED BY: D:\Program Files\Keil_v5\C51\BIN\C51.EXE main.c OPTIMIZE(8,SPEED) BROWSE DEBUG OBJECTEXTEND PRINT(.
                    -\Listings\main.lst) TABS(2) OBJECT(.\Objects\main.obj)

line level    source

   1          #include "STC8.h"
   2          #include "intrins.h"
   3          #include "i2c.h"
   4          #include "OLED.H"
   5          #include "BMP.H"
   6          
   7          #define u8 unsigned char
   8          #define u16 unsigned int
   9          
  10          void main()
  11          {
  12   1        bit i=1;
  13   1        int temp;
  14   1        int temperature;
  15   1        
  16   1        I2Cinit();
  17   1        OLED_Init();//初始化OLED
  18   1        OLED_ColorTurn(0);//0正常显示，1 反色显示
  19   1        OLED_DisplayTurn(0);//0正常显示 1 屏幕翻转显示
  20   1        while(1)
  21   1        {
  22   2          if(i) OLED_ShowString(0,0,"/ / / / / / / / / / /",8);
  23   2          else  OLED_ShowString(0,0," / / / / / / / / / / ",8);
  24   2          OLED_DrawBMP(0,2,24,24,BMP1);
  25   2          OLED_ShowString(28,2,"Temp: N/A",16);
  26   2          OLED_ShowString(28,4,"Humi: N/A",16);
  27   2          OLED_ShowString(66,7,"Aym Design",8);
  28   2          OLED_ShowString(0,7,"TLimit:30C",8);
  29   2          i = ~i;
  30   2          delay_ms(200);
  31   2          //temp = ReadTemperature();
  32   2          //temperature = temp*0x0625;
  33   2          //OLED_ShowNum(0,5,temperature,8,8);
  34   2          
  35   2        }
  36   1      }
*** WARNING C280 IN LINE 13 OF main.c: 'temp': unreferenced local variable
*** WARNING C280 IN LINE 14 OF main.c: 'temperature': unreferenced local variable


MODULE INFORMATION:   STATIC OVERLAYABLE
   CODE SIZE        =    138    ----
   CONSTANT SIZE    =    158    ----
   XDATA SIZE       =   ----    ----
   PDATA SIZE       =   ----    ----
   DATA SIZE        =   ----       4
   IDATA SIZE       =   ----    ----
   BIT SIZE         =   ----       1
END OF MODULE INFORMATION.


C51 COMPILATION COMPLETE.  2 WARNING(S),  0 ERROR(S)
