C51 COMPILER V9.57.0.0   TEMP                                                              08/17/2020 22:42:09 PAGE 1   


C51 COMPILER V9.57.0.0, COMPILATION OF MODULE TEMP
OBJECT MODULE PLACED IN .\Objects\temp.obj
COMPILER INVOKED BY: D:\Program Files\Keil_v5\C51\BIN\C51.EXE temp.c OPTIMIZE(8,SPEED) BROWSE DEBUG OBJECTEXTEND PRINT(.
                    -\Listings\temp.lst) TABS(2) OBJECT(.\Objects\temp.obj)

line level    source

   1          #include "temp.h"
   2          #include "OLED.H"
   3          
   4          void Delayms(uint ms)
   5          {                         
   6   1        unsigned int a;
   7   1        while(ms)
   8   1        {
   9   2          a=1800;
  10   2          while(a--);
  11   2          ms--;
  12   2        }
  13   1        return;
  14   1      }
  15          
  16          void delay_us(uint t)   //@24.000MHz
  17          {
  18   1        while(t--)
  19   1        {
  20   2        unsigned char i;
  21   2      
  22   2        i = 6;
  23   2        while (--i);
  24   2        }
  25   1      }
  26          
  27          void WriteOneChar(uchar dat)
  28          {
  29   1      uchar i=0;
  30   1      for (i=8; i>0; i--)
  31   1      {
  32   2        DQ = 0;
  33   2        DQ = dat&0x01;
  34   2        delay_us(50);
  35   2        DQ = 1;
  36   2        dat>>=1;
  37   2      }
  38   1      delay_us(50);
  39   1      }
  40          
  41          uchar ReadOneChar()
  42          {
  43   1      uchar i=0;
  44   1      uchar dat = 0;
  45   1      for (i=8;i>0;i--)
  46   1      {
  47   2        DQ = 0; // 给脉冲信号
  48   2        dat>>=1;
  49   2        DQ = 1; // 给脉冲信号
  50   2        if(DQ)
  51   2         dat|=0x80;
  52   2        delay_us(50);
  53   2      }
  54   1      return(dat);
C51 COMPILER V9.57.0.0   TEMP                                                              08/17/2020 22:42:09 PAGE 2   

  55   1      }
  56          
  57          bit Init_DS18B20(void)
  58          {
  59   1      bit dat=0;
  60   1      DQ = 1;              //DQ复位
  61   1      delay_us(10);         //稍做延时
  62   1      DQ = 0;            //单片机将DQ拉低
  63   1      delay_us(700);      //精确延时 大于 480us 小于960us
  64   1      DQ = 1;            //拉高总线
  65   1      delay_us(100);    //15~60us 后 接收60-240us的存在脉冲
  66   1      dat=DQ;            //如果x=0则初始化成功, x=1则初始化失败
  67   1      delay_us(50);      //稍作延时返回
  68   1      return dat;
  69   1      }
  70          
  71          uint ReadTemperature()
  72          {
  73   1      uchar a=0;
  74   1      uint b=0;
  75   1      uint t=0;
  76   1      Init_DS18B20();
  77   1      WriteOneChar(0xCC);  // 跳过读序号列号的操作
  78   1      WriteOneChar(0x44); // 启动温度转换
  79   1      Delayms(10);
  80   1      Init_DS18B20();
  81   1      WriteOneChar(0xCC);  //跳过读序号列号的操作
  82   1      WriteOneChar(0xBE); //读取温度寄存器等（共可读9个寄存器） 前两个就是温度
  83   1      a=ReadOneChar();   //低位
  84   1      b=ReadOneChar();  //高位
  85   1      
  86   1      
  87   1      b<<=8;
  88   1      t=a+b;
  89   1      
  90   1      
  91   1      return(t);//**返回读取到的温度值**
  92   1      }
  93          


MODULE INFORMATION:   STATIC OVERLAYABLE
   CODE SIZE        =    205    ----
   CONSTANT SIZE    =   ----    ----
   XDATA SIZE       =   ----    ----
   PDATA SIZE       =   ----    ----
   DATA SIZE        =   ----       1
   IDATA SIZE       =   ----    ----
   BIT SIZE         =   ----       1
END OF MODULE INFORMATION.


C51 COMPILATION COMPLETE.  0 WARNING(S),  0 ERROR(S)
